0 info it worked if it ends with ok
1 verbose cli [ 'C:\\Program Files\\nodejs\\node.exe',
1 verbose cli   'C:\\Program Files\\nodejs\\node_modules\\npm\\bin\\npm-cli.js',
1 verbose cli   'run',
1 verbose cli   'webpack' ]
2 info using npm@2.15.9
3 info using node@v4.5.0
4 verbose run-script [ 'prewebpack', 'webpack', 'postwebpack' ]
5 info prewebpack jbart5-react@0.1.0
6 info webpack jbart5-react@0.1.0
7 verbose unsafe-perm in lifecycle true
8 info jbart5-react@0.1.0 Failed to exec webpack script
9 verbose stack Error: jbart5-react@0.1.0 webpack: `node_modules/webpack/bin/webpack.js --watch`
9 verbose stack Exit status 1
9 verbose stack     at EventEmitter.<anonymous> (C:\Users\Shai\AppData\Roaming\nvm\v4.5.0\node_modules\npm\lib\utils\lifecycle.js:217:16)
9 verbose stack     at emitTwo (events.js:87:13)
9 verbose stack     at EventEmitter.emit (events.js:172:7)
9 verbose stack     at ChildProcess.<anonymous> (C:\Users\Shai\AppData\Roaming\nvm\v4.5.0\node_modules\npm\lib\utils\spawn.js:24:14)
9 verbose stack     at emitTwo (events.js:87:13)
9 verbose stack     at ChildProcess.emit (events.js:172:7)
9 verbose stack     at maybeClose (internal/child_process.js:829:16)
9 verbose stack     at Process.ChildProcess._handle.onexit (internal/child_process.js:211:5)
10 verbose pkgid jbart5-react@0.1.0
11 verbose cwd C:\jb-react
12 error Windows_NT 10.0.15063
13 error argv "C:\\Program Files\\nodejs\\node.exe" "C:\\Program Files\\nodejs\\node_modules\\npm\\bin\\npm-cli.js" "run" "webpack"
14 error node v4.5.0
15 error npm  v2.15.9
16 error code ELIFECYCLE
17 error jbart5-react@0.1.0 webpack: `node_modules/webpack/bin/webpack.js --watch`
17 error Exit status 1
18 error Failed at the jbart5-react@0.1.0 webpack script 'node_modules/webpack/bin/webpack.js --watch'.
18 error This is most likely a problem with the jbart5-react package,
18 error not with npm itself.
18 error Tell the author that this fails on your system:
18 error     node_modules/webpack/bin/webpack.js --watch
18 error You can get information on how to open an issue for this project with:
18 error     npm bugs jbart5-react
18 error Or if that isn't available, you can get their info via:
18 error
18 error     npm owner ls jbart5-react
18 error There is likely additional logging output above.
19 verbose exit [ 1, true ]
