package not updated /home/shaiby/projects/jb-react/package/ui-misc.js dir: 1710705027013 file: false
package not updated /home/shaiby/projects/jb-react/package/remote_remote-widget_vscode_probe-result-ui.js dir: 1710744130774 file: false
package not updated /home/shaiby/projects/jb-react/package/remote_remote-widget_vscode_probe-result-ui.js dir: 1710744197410 file: 1710744137070
package not updated /home/shaiby/projects/jb-react/package/remote_remote-widget_vscode_probe-result-ui.js dir: 1710747178659 file: 1710744207406
package not updated /home/shaiby/projects/jb-react/package/remote_remote-widget_vscode_probe-result-ui.js dir: 1710747496202 file: 1710747183023
package not updated /home/shaiby/projects/jb-react/package/remote_remote-widget_vscode_probe-result-ui.js dir: 1710747577971 file: 1710747526886
package not updated /home/shaiby/projects/jb-react/package/remote_remote-widget_vscode_probe-result-ui.js dir: 1710747847465 file: 1710747587451
package not updated /home/shaiby/projects/jb-react/package/remote_remote-widget_vscode_probe-result-ui.js dir: 1710748350210 file: 1710747854949
package not updated /home/shaiby/projects/jb-react/package/remote_remote-widget_vscode_probe-result-ui.js dir: 1710748366262 file: 1710748355906
package not updated /home/shaiby/projects/jb-react/package/remote_remote-widget_vscode_probe-result-ui.js dir: 1710748427894 file: 1710748381230
package not updated /home/shaiby/projects/jb-react/package/remote_remote-widget_vscode_probe-result-ui.js dir: 1710748589824 file: 1710748434510
package not updated /home/shaiby/projects/jb-react/package/remote_remote-widget_vscode_probe-result-ui.js dir: 1710748709897 file: 1710748595720
package not updated /home/shaiby/projects/jb-react/package/remote_remote-widget_vscode_probe-result-ui.js dir: 1710748756417 file: 1710748713845
package not updated /home/shaiby/projects/jb-react/package/remote_remote-widget_vscode_probe-result-ui.js dir: 1710748894146 file: 1710748803209
package not updated /home/shaiby/projects/jb-react/package/remote_remote-widget_vscode_probe-result-ui.js dir: 1710749000819 file: 1710748917834
package not updated /home/shaiby/projects/jb-react/package/remote_remote-widget_vscode_probe-result-ui.js dir: 1710749062268 file: 1710749008019
package not updated /home/shaiby/projects/jb-react/package/remote_remote-widget_vscode_probe-result-ui.js dir: 1710750714279 file: 1710749076616
package not updated /home/shaiby/projects/jb-react/package/remote_remote-widget_vscode_probe-result-ui.js dir: 1710751488459 file: 1710750722267
package not updated /home/shaiby/projects/jb-react/package/remote_remote-widget_vscode_probe-result-ui.js dir: 1710751821499 file: 1710751508851
package not updated /home/shaiby/projects/jb-react/package/ui-common-tests.js dir: 1710751821499 file: false
package not updated /home/shaiby/projects/jb-react/package/remote_remote-widget_vscode_probe-result-ui.js dir: 1710757865706 file: 1710752351457
package not updated /home/shaiby/projects/jb-react/package/remote_remote-widget_vscode_probe-result-ui.js dir: 1710758155804 file: 1710757871534
package not updated /home/shaiby/projects/jb-react/package/remote_remote-widget_vscode_probe-result-ui.js dir: 1710758549354 file: 1710758179024
package not updated /home/shaiby/projects/jb-react/package/remote_remote-widget_vscode_probe-result-ui.js dir: 1710758587742 file: 1710758559706
package not updated /home/shaiby/projects/jb-react/package/remote_remote-widget_vscode_probe-result-ui.js dir: 1710759862246 file: 1710758590350
package not updated /home/shaiby/projects/jb-react/package/remote_remote-widget_vscode_probe-result-ui.js dir: 1710763875354 file: 1710759970891
package not updated /home/shaiby/projects/jb-react/package/remote_remote-widget_vscode_probe-result-ui.js dir: 1710766182108 file: 1710763937203
package not updated /home/shaiby/projects/jb-react/package/remote_remote-widget_vscode_probe-result-ui.js dir: 1710766460674 file: 1710766255969
package not updated /home/shaiby/projects/jb-react/package/remote_remote-widget_vscode_probe-result-ui.js dir: 1710785772877 file: 1710766470302
package not updated /home/shaiby/projects/jb-react/package/remote_remote-widget_vscode_probe-result-ui.js dir: 1710785854086 file: 1710785779529
package not updated /home/shaiby/projects/jb-react/package/remote_remote-widget_vscode_probe-result-ui.js dir: 1710787123384 file: 1710785856778
package not updated /home/shaiby/projects/jb-react/package/remote_remote-widget_vscode_probe-result-ui.js dir: 1710788604411 file: 1710787130060
package not updated /home/shaiby/projects/jb-react/package/remote_remote-widget_vscode_probe-result-ui.js dir: 1710788733172 file: 1710788639783
package not updated /home/shaiby/projects/jb-react/package/remote_remote-widget_vscode_probe-result-ui.js dir: 1710789377204 file: 1710788736972
package not updated /home/shaiby/projects/jb-react/package/remote_remote-widget_vscode_probe-result-ui.js dir: 1710789733862 file: 1710789390680
package not updated /home/shaiby/projects/jb-react/package/ui-common-tests.js dir: 1710921895149 file: 1710752543066
package not updated /home/shaiby/projects/jb-react/package/ui-tests.js dir: 1710921895149 file: false
package not updated /home/shaiby/projects/jb-react/package/ui-common.js dir: 1710921895149 file: false
package not updated /home/shaiby/projects/jb-react/package/ui-tests.js dir: 1710943533181 file: 1710943213251
package not updated /home/shaiby/projects/jb-react/package/ui-testers.js dir: 1710943533181 file: false
package not updated /home/shaiby/projects/jb-react/package/ui-core.js dir: 1710943533181 file: false
package not updated /home/shaiby/projects/jb-react/package/remote_remote-widget_vscode_probe-result-ui.js dir: 1710951851341 file: 1710789741570
package not updated /home/shaiby/projects/jb-react/package/remote_remote-widget_vscode_probe-result-ui.js dir: 1710952435013 file: 1710951854689
package not updated /home/shaiby/projects/jb-react/package/remote_remote-widget_vscode_probe-result-ui.js dir: 1710952647055 file: 1710952459182
package not updated /home/shaiby/projects/jb-react/package/remote_remote-widget_vscode_probe-result-ui.js dir: 1710952775616 file: 1710952652747
package not updated /home/shaiby/projects/jb-react/package/remote_remote-widget_vscode_probe-result-ui.js dir: 1710953069358 file: 1710952782408
package not updated /home/shaiby/projects/jb-react/package/remote_remote-widget_vscode_probe-result-ui.js dir: 1710953090146 file: 1710953072634
package not updated /home/shaiby/projects/jb-react/package/remote_remote-widget_vscode_probe-result-ui.js dir: 1710953287248 file: 1710953096038
package not updated /home/shaiby/projects/jb-react/package/remote_remote-widget_vscode_probe-result-ui.js dir: 1710953424821 file: 1710953300844
package not updated /home/shaiby/projects/jb-react/package/remote_remote-widget_vscode_probe-result-ui.js dir: 1710953444365 file: 1710953434533
package not updated /home/shaiby/projects/jb-react/package/remote_remote-widget_vscode_probe-result-ui.js dir: 1710954582095 file: 1710953449597
package not updated /home/shaiby/projects/jb-react/package/remote_remote-widget_vscode_probe-result-ui.js dir: 1710955134445 file: 1710954638155
package not updated /home/shaiby/projects/jb-react/package/remote_remote-widget_vscode_probe-result-ui.js dir: 1710955159990 file: 1710955145682
package not updated /home/shaiby/projects/jb-react/package/remote_remote-widget_vscode_probe-result-ui.js dir: 1710955262098 file: 1710955238230
